Arguments: 
  C:\Program Files\nodejs\node.exe C:\Program Files (x86)\Yarn\bin\yarn.js add mobx-react mobx-persist mobx mobx-react-form validatorjs valid-url

PATH: 
  C:\Program Files (x86)\Common Files\Oracle\Java\javapath;C:\Program Files\ImageMagick-7.0.8-Q16;C:\Program Files (x86)\Microsoft SDKs\Azure\CLI2\wbin;C:\Program Files\Basler\pylon 4\pylon\bin\x64;C:\Program Files\Basler\pylon 4\pylon\bin\Win32;C:\Program Files\Basler\pylon 4\genicam\Bin\Win64_x64;C:\Program Files\Basler\pylon 4\genicam\Bin\Win32_i86;C:\Rtools\bin;C:\WINDOWS\system32;C:\WINDOWS;C:\WINDOWS\System32\Wbem;C:\WINDOWS\System32\WindowsPowerShell\v1.0\;C:\Program Files\dotnet\;C:\WINDOWS\System32\OpenSSH\;C:\Program Files\Microsoft SQL Server\130\Tools\Binn\;C:\Program Files\MATLAB\MATLAB Production Server\R2015a\runtime\win64;C:\Program Files\MATLAB\MATLAB Production Server\R2015a\bin;C:\Program Files\MATLAB\MATLAB Production Server\R2015a\polyspace\bin;C:\Program Files (x86)\Yarn\bin\;C:\Program Files\R\R-3.6.0\bin\x64;C:\Program Files\Microsoft VS Code\bin;C:\ProgramData\chocolatey\bin;C:\Program Files (x86)\Bitvise SSH Client;C:\Program Files\PuTTY\;C:\Users\Elite\AppData\Local\Programs\Python\Python36;E:\Server\php;C:\composer;C:\Program Files\Git\cmd;C:\Program Files\Java\jdk1.8.0_231\bin;C:\Program Files (x86)\scala\bin;E:\Spark_evn\spark-2.4.4-bin-hadoop2.7\bin;C:\Program Files\nodejs\;C:\Users\Elite\AppData\Local\Programs\Python\Python36\Scripts\;C:\Users\Elite\AppData\Local\Programs\Python\Python36\;C:\Program Files\Microsoft VS Code\bin;C:\Program Files\JetBrains\PyCharm 2019.1.3\bin;;C:\Program Files\JetBrains\PyCharm Community Edition 2019.1.3\bin;;C:\Users\Elite\AppData\Local\Microsoft\WindowsApps;C:\Users\Elite\AppData\Local\Yarn\bin;C:\Program Files\VideoLAN\VLC;C:\Users\Elite\AppData\Local\Programs\MiKTeX 2.9\miktex\bin\x64\;C:\Program Files\Java\jdk1.8.0_231\bin;C:\Users\Elite\AppData\Roaming\Composer\vendor\bin;C:\Users\Elite\AppData\Roaming\npm;

Yarn version: 
  1.16.0

Node version: 
  12.16.0

Platform: 
  win32 x64

Trace: 
  Error: EPERM: operation not permitted, unlink 'E:\testing\UNOVA source\node_modules\node-sass\vendor\win32-x64-72\binding.node'

npm manifest: 
  {
    "name": "eoll",
    "version": "0.1.0",
    "private": true,
    "dependencies": {
      "@syncfusion/ej2-react-inputs": "^17.3.14",
      "axios": "^0.19.2",
      "bootstrap": "^4.3.1",
      "mobx-react": "^6.1.8",
      "node-sass": "^4.12.0",
      "react": "^16.10.2",
      "react-compound-slider": "^2.3.0",
      "react-dom": "^16.10.2",
      "react-rangeslider": "^2.2.0",
      "react-redux": "^7.1.1",
      "react-router-dom": "^5.1.2",
      "react-router-redux": "^4.0.8",
      "react-scripts": "^3.4.0",
      "reactrangeslider": "^3.0.6",
      "reactstrap": "^8.0.1",
      "redux": "^4.0.4",
      "redux-actions": "^2.6.5",
      "redux-form": "^8.2.6",
      "redux-saga": "^1.1.1",
      "rn-range-slider": "^1.2.9"
    },
    "scripts": {
      "build-css": "node-sass src/ -o src/",
      "watch-css": "npm run build-css && node-sass src/ -o src/ --watch --recursive",
      "start-js": "react-scripts start",
      "start": "npm-run-all -p watch-css start-js",
      "build": "react-scripts build",
      "test": "react-scripts test",
      "eject": "react-scripts eject"
    },
    "devDependencies": {
      "husky": "^1.1.0",
      "lint-staged": "^7.3.0",
      "node-sass-chokidar": "^1.3.4",
      "npm-run-all": "^4.1.3",
      "prettier": "^1.14.3"
    },
    "eslintConfig": {
      "extends": "react-app"
    },
    "browserslist": {
      "production": [
        ">0.2%",
        "not dead",
        "not op_mini all"
      ],
      "development": [
        "last 1 chrome version",
        "last 1 firefox version",
        "last 1 safari version"
      ]
    }
  }

yarn manifest: 
  No manifest

Lockfile: 
  No lockfile
